F:\git_up\lexyacc\crowbar\crowbar_vs\crowbar_vs\Debug\cl.command.1.tlog
F:\git_up\lexyacc\crowbar\crowbar_vs\crowbar_vs\Debug\CL.read.1.tlog
F:\git_up\lexyacc\crowbar\crowbar_vs\crowbar_vs\Debug\CL.write.1.tlog
F:\GIT_UP\LEXYACC\CROWBAR\CROWBAR_VS\CROWBAR_VS\DEBUG\CREATE.OBJ
F:\GIT_UP\LEXYACC\CROWBAR\CROWBAR_VS\CROWBAR_VS\DEBUG\CROWBAR_VS.EXE.INTERMEDIATE.MANIFEST
F:\git_up\lexyacc\crowbar\crowbar_vs\crowbar_vs\Debug\crowbar_vs.vcxprojResolveAssemblyReference.cache
F:\git_up\lexyacc\crowbar\crowbar_vs\crowbar_vs\Debug\crowbar_vs.write.1.tlog
F:\GIT_UP\LEXYACC\CROWBAR\CROWBAR_VS\CROWBAR_VS\DEBUG\DEBUG.OBJ
F:\GIT_UP\LEXYACC\CROWBAR\CROWBAR_VS\CROWBAR_VS\DEBUG\ERROR.OBJ
F:\GIT_UP\LEXYACC\CROWBAR\CROWBAR_VS\CROWBAR_VS\DEBUG\ERROR_MESSAGE_NOT_GCC.OBJ
F:\GIT_UP\LEXYACC\CROWBAR\CROWBAR_VS\CROWBAR_VS\DEBUG\EVAL.OBJ
F:\GIT_UP\LEXYACC\CROWBAR\CROWBAR_VS\CROWBAR_VS\DEBUG\EXECUTE.OBJ
F:\GIT_UP\LEXYACC\CROWBAR\CROWBAR_VS\CROWBAR_VS\DEBUG\INTERFACE.OBJ
F:\GIT_UP\LEXYACC\CROWBAR\CROWBAR_VS\CROWBAR_VS\DEBUG\LEX.YY.OBJ
F:\git_up\lexyacc\crowbar\crowbar_vs\crowbar_vs\Debug\link.command.1.tlog
F:\git_up\lexyacc\crowbar\crowbar_vs\crowbar_vs\Debug\link.read.1.tlog
F:\git_up\lexyacc\crowbar\crowbar_vs\crowbar_vs\Debug\link.write.1.tlog
F:\GIT_UP\LEXYACC\CROWBAR\CROWBAR_VS\CROWBAR_VS\DEBUG\MAIN.OBJ
F:\GIT_UP\LEXYACC\CROWBAR\CROWBAR_VS\CROWBAR_VS\DEBUG\MEMORY.OBJ
F:\git_up\lexyacc\crowbar\crowbar_vs\crowbar_vs\Debug\mt.command.1.tlog
F:\git_up\lexyacc\crowbar\crowbar_vs\crowbar_vs\Debug\mt.read.1.tlog
F:\git_up\lexyacc\crowbar\crowbar_vs\crowbar_vs\Debug\mt.write.1.tlog
F:\GIT_UP\LEXYACC\CROWBAR\CROWBAR_VS\CROWBAR_VS\DEBUG\NATIVE.OBJ
F:\GIT_UP\LEXYACC\CROWBAR\CROWBAR_VS\CROWBAR_VS\DEBUG\STORAGE.OBJ
F:\GIT_UP\LEXYACC\CROWBAR\CROWBAR_VS\CROWBAR_VS\DEBUG\STRING.OBJ
F:\GIT_UP\LEXYACC\CROWBAR\CROWBAR_VS\CROWBAR_VS\DEBUG\STRING_POOL.OBJ
F:\GIT_UP\LEXYACC\CROWBAR\CROWBAR_VS\CROWBAR_VS\DEBUG\UTIL.OBJ
F:\git_up\lexyacc\crowbar\crowbar_vs\crowbar_vs\Debug\vc100.idb
F:\GIT_UP\LEXYACC\CROWBAR\CROWBAR_VS\CROWBAR_VS\DEBUG\VC100.PDB
F:\GIT_UP\LEXYACC\CROWBAR\CROWBAR_VS\CROWBAR_VS\DEBUG\Y.TAB.OBJ
F:\GIT_UP\LEXYACC\CROWBAR\CROWBAR_VS\DEBUG\CROWBAR_VS.EXE
F:\GIT_UP\LEXYACC\CROWBAR\CROWBAR_VS\DEBUG\CROWBAR_VS.ILK
F:\GIT_UP\LEXYACC\CROWBAR\CROWBAR_VS\DEBUG\CROWBAR_VS.PDB
